RAW:
secureHash=d135969759ecbee7b1ee423d819ce40b8b767aad4ca08f0b4c1c09f13c7013e7&amount=100.00&respDescription=Transaction+successful&paymentMode=UPI&customerEmailID=customer%40example.com&addlParam2=111&aggregatorID=100000000360858&oth_charge=false&TransmissionDateTime=20251229151016&paymentInstId=akashpitale1595-2%40okhdfcbank&responseCode=0000&customerMobileNo=919876543210&acqName=payphi&merchantId=100000000360859&paymentID=116351725926&merchantTxnNo=ORD1767001172356&addlParam1=000&paymentDateTime=20251229151015&txnID=1000001173413
REQ:
Array
(
    [secureHash] => d135969759ecbee7b1ee423d819ce40b8b767aad4ca08f0b4c1c09f13c7013e7
    [amount] => 100.00
    [respDescription] => Transaction successful
    [paymentMode] => UPI
    [customerEmailID] => customer@example.com
    [addlParam2] => 111
    [aggregatorID] => 100000000360858
    [oth_charge] => false
    [TransmissionDateTime] => 20251229151016
    [paymentInstId] => akashpitale1595-2@okhdfcbank
    [responseCode] => 0000
    [customerMobileNo] => 919876543210
    [acqName] => payphi
    [merchantId] => 100000000360859
    [paymentID] => 116351725926
    [merchantTxnNo] => ORD1767001172356
    [addlParam1] => 000
    [paymentDateTime] => 20251229151015
    [txnID] => 1000001173413
)

