RAW:
secureHash=c15cae3b417521361acbd73ce0cde8b1cb76d3b86e4dba9feae7cdca38b16446&amount=100.00&respDescription=Transaction+Rejected&paymentMode=Wallet&customerEmailID=customer%40example.com&addlParam2=111&aggregatorID=100000000360858&oth_charge=false&TransmissionDateTime=20251229154900&responseCode=039&customerMobileNo=919876543210&acqName=payphi&paymentSubInstType=mobikwik&merchantId=100000000360859&merchantTxnNo=ORD1767003533453&addlParam1=000&txnID=2000001173373
REQ:
Array
(
    [secureHash] => c15cae3b417521361acbd73ce0cde8b1cb76d3b86e4dba9feae7cdca38b16446
    [amount] => 100.00
    [respDescription] => Transaction Rejected
    [paymentMode] => Wallet
    [customerEmailID] => customer@example.com
    [addlParam2] => 111
    [aggregatorID] => 100000000360858
    [oth_charge] => false
    [TransmissionDateTime] => 20251229154900
    [responseCode] => 039
    [customerMobileNo] => 919876543210
    [acqName] => payphi
    [paymentSubInstType] => mobikwik
    [merchantId] => 100000000360859
    [merchantTxnNo] => ORD1767003533453
    [addlParam1] => 000
    [txnID] => 2000001173373
)

