RAW:
secureHash=159f56e3d85238291a144f4978cb1eef00cff97ab4cd80e0843f79f3ca40346b&amount=100.00&respDescription=Transaction+successful&paymentMode=UPI&customerEmailID=customer%40example.com&addlParam2=111&aggregatorID=100000000360858&oth_charge=false&TransmissionDateTime=20260104140940&paymentInstId=armanjoshi99%40ybl&responseCode=0000&customerMobileNo=919876543210&acqName=payphi&merchantId=100000000360859&paymentID=832872437954&merchantTxnNo=ORD1767515945151&addlParam1=000&paymentDateTime=20260104140939&txnID=2000001174105
REQ:
Array
(
    [secureHash] => 159f56e3d85238291a144f4978cb1eef00cff97ab4cd80e0843f79f3ca40346b
    [amount] => 100.00
    [respDescription] => Transaction successful
    [paymentMode] => UPI
    [customerEmailID] => customer@example.com
    [addlParam2] => 111
    [aggregatorID] => 100000000360858
    [oth_charge] => false
    [TransmissionDateTime] => 20260104140940
    [paymentInstId] => armanjoshi99@ybl
    [responseCode] => 0000
    [customerMobileNo] => 919876543210
    [acqName] => payphi
    [merchantId] => 100000000360859
    [paymentID] => 832872437954
    [merchantTxnNo] => ORD1767515945151
    [addlParam1] => 000
    [paymentDateTime] => 20260104140939
    [txnID] => 2000001174105
)

