RAW:
secureHash=4be1104c1f1200704b8396212c4fe4acbdb3dc7b9a235a9312b1708030d7e5aa&amount=100.00&respDescription=Transaction+successful&paymentMode=UPI&customerEmailID=customer%40example.com&addlParam2=111&aggregatorID=100000000360858&oth_charge=false&TransmissionDateTime=20260104135845&paymentInstId=armanjoshi99%40ybl&responseCode=0000&customerMobileNo=919876543210&acqName=payphi&merchantId=100000000360859&paymentID=704374585969&merchantTxnNo=ORD1767515291994&addlParam1=000&paymentDateTime=20260104135844&txnID=1000001174080
REQ:
Array
(
    [secureHash] => 4be1104c1f1200704b8396212c4fe4acbdb3dc7b9a235a9312b1708030d7e5aa
    [amount] => 100.00
    [respDescription] => Transaction successful
    [paymentMode] => UPI
    [customerEmailID] => customer@example.com
    [addlParam2] => 111
    [aggregatorID] => 100000000360858
    [oth_charge] => false
    [TransmissionDateTime] => 20260104135845
    [paymentInstId] => armanjoshi99@ybl
    [responseCode] => 0000
    [customerMobileNo] => 919876543210
    [acqName] => payphi
    [merchantId] => 100000000360859
    [paymentID] => 704374585969
    [merchantTxnNo] => ORD1767515291994
    [addlParam1] => 000
    [paymentDateTime] => 20260104135844
    [txnID] => 1000001174080
)

